::1 - - [15/Mar/2018:13:00:20 +0100] "GET /phpmyadmin HTTP/1.1" 301 241
::1 - - [15/Mar/2018:13:00:21 +0100] "GET /phpmyadmin/ HTTP/1.1" 200 7997
::1 - - [15/Mar/2018:13:00:23 +0100] "GET /phpmyadmin/themes/pmahomme/jquery/jquery-ui-1.9.2.custom.css HTTP/1.1" 200 32278
::1 - - [15/Mar/2018:13:00:23 +0100] "GET /phpmyadmin/phpmyadmin.css.php?server=1&token=8041fc9f933415c1c772611b3e6e0b3e&nocache=4561009607ltr HTTP/1.1" 200 88608
::1 - - [15/Mar/2018:13:00:23 +0100] "GET /phpmyadmin/js/get_image.js.php?theme=pmahomme HTTP/1.1" 200 6263
::1 - - [15/Mar/2018:13:00:23 +0100] "GET /phpmyadmin/js/get_scripts.js.php?scripts[]=jquery/jquery-1.8.3.js&scripts[]=ajax.js&scripts[]=keyhandler.js&scripts[]=jquery/jquery-ui-1.9.2.custom.js&scripts[]=jquery/jquery.sprintf.js&scripts[]=jquery/jquery.cookie.js&scripts[]=jquery/jquery.mousewheel.js&scripts[]=jquery/jquery.event.drag-2.2.js&scripts[]=jquery/jquery-ui-timepicker-addon.js&scripts[]=jquery/jquery.ba-hashchange-1.3.js&scripts[]=jquery/jquery.debounce-1.0.5.js&scripts[]=jquery/jquery.menuResizer-1.0.js&scripts[]=rte.js&scripts[]=functions.js&scripts[]=navigation.js&scripts[]=indexes.js&scripts[]=common.js&scripts[]=codemirror/lib/codemirror.js&scripts[]=codemirror/mode/mysql/mysql.js HTTP/1.1" 200 578562
::1 - - [15/Mar/2018:13:00:23 +0100] "GET /phpmyadmin/themes/pmahomme/img/logo_right.png HTTP/1.1" 200 4548
::1 - - [15/Mar/2018:13:00:23 +0100] "GET /phpmyadmin/themes/dot.gif HTTP/1.1" 200 43
::1 - - [15/Mar/2018:13:00:23 +0100] "GET /phpmyadmin/js/messages.php?lang=es&db=&server=0&token=6d1f3448598da2c9ecc0bc7739681a1c HTTP/1.1" 200 18333
::1 - - [15/Mar/2018:13:00:23 +0100] "GET /phpmyadmin/themes/pmahomme/img/sprites.png HTTP/1.1" 200 61899
::1 - - [15/Mar/2018:13:00:26 +0100] "POST /phpmyadmin/index.php HTTP/1.1" 302 -
::1 - - [15/Mar/2018:13:00:26 +0100] "GET /phpmyadmin/index.php?token=8041fc9f933415c1c772611b3e6e0b3e HTTP/1.1" 200 48919
::1 - - [15/Mar/2018:13:00:26 +0100] "GET /phpmyadmin/phpmyadmin.css.php?server=1&token=8041fc9f933415c1c772611b3e6e0b3e&nocache=6082124833ltr HTTP/1.1" 200 88608
::1 - - [15/Mar/2018:13:00:26 +0100] "GET /phpmyadmin/themes/pmahomme/img/logo_left.png HTTP/1.1" 200 2327
::1 - - [15/Mar/2018:13:00:26 +0100] "GET /phpmyadmin/themes/pmahomme/img/ajax_clock_small.gif HTTP/1.1" 200 1810
::1 - - [15/Mar/2018:13:00:26 +0100] "GET /phpmyadmin/js/messages.php?lang=es&db=&server=0&token=8041fc9f933415c1c772611b3e6e0b3e HTTP/1.1" 200 18333
::1 - - [15/Mar/2018:13:00:27 +0100] "GET /phpmyadmin/themes/pmahomme/img/left_nav_bg.png HTTP/1.1" 200 297
::1 - - [15/Mar/2018:13:00:27 +0100] "GET /phpmyadmin/version_check.php?&_nocache=1521115227225488526 HTTP/1.1" 200 39
::1 - - [15/Mar/2018:13:00:28 +0100] "GET /phpmyadmin/db_structure.php?server=1&db=gabinete&token=8041fc9f933415c1c772611b3e6e0b3e&ajax_request=true&ajax_page_request=true&menuHashes=cce575b7&_nocache=1521115228868871273 HTTP/1.1" 200 21647
::1 - - [15/Mar/2018:13:00:29 +0100] "GET /phpmyadmin/themes/pmahomme/img/arrow_ltr.png HTTP/1.1" 200 139
::1 - - [15/Mar/2018:13:00:29 +0100] "GET /phpmyadmin/js/get_scripts.js.php?scripts[]=db_structure.js&scripts[]=tbl_change.js HTTP/1.1" 200 12382
::1 - - [15/Mar/2018:13:59:49 +0100] "GET /phpmyadmin/index.php?token=8041fc9f933415c1c772611b3e6e0b3e&ajax_request=true&ajax_page_request=true&menuHashes=cce575b7-dec3f42c&_nocache=1521118789724923491 HTTP/1.1" 200 342
::1 - - [15/Mar/2018:13:59:52 +0100] "GET /phpmyadmin/index.php?token=8041fc9f933415c1c772611b3e6e0b3e&ajax_request=true&ajax_page_request=true&menuHashes=cce575b7-dec3f42c&_nocache=1521118792867893897 HTTP/1.1" 200 342
::1 - - [15/Mar/2018:13:59:53 +0100] "GET /phpmyadmin/index.php?token=8041fc9f933415c1c772611b3e6e0b3e&old_usr=root HTTP/1.1" 200 8172
::1 - - [15/Mar/2018:13:59:55 +0100] "POST /phpmyadmin/index.php HTTP/1.1" 302 -
::1 - - [15/Mar/2018:13:59:55 +0100] "GET /phpmyadmin/index.php?token=8f70c37175f3f5a6a80e570299328d2c HTTP/1.1" 200 48919
::1 - - [15/Mar/2018:13:59:55 +0100] "GET /phpmyadmin/phpmyadmin.css.php?server=1&token=8f70c37175f3f5a6a80e570299328d2c&nocache=6082128402ltr HTTP/1.1" 200 88608
::1 - - [15/Mar/2018:13:59:55 +0100] "GET /phpmyadmin/js/messages.php?lang=es&db=&server=0&token=8f70c37175f3f5a6a80e570299328d2c HTTP/1.1" 200 18333
::1 - - [15/Mar/2018:13:59:56 +0100] "GET /phpmyadmin/version_check.php?&_nocache=1521118796455933576 HTTP/1.1" 200 39
::1 - - [15/Mar/2018:14:00:04 +0100] "GET /phpmyadmin/server_import.php?db=&token=8f70c37175f3f5a6a80e570299328d2c&ajax_request=true&ajax_page_request=true&menuHashes=1c3d0a71&_nocache=1521118804227240366 HTTP/1.1" 200 15780
::1 - - [15/Mar/2018:14:00:04 +0100] "GET /phpmyadmin/js/get_scripts.js.php?scripts[]=import.js HTTP/1.1" 200 1584
::1 - - [15/Mar/2018:14:00:12 +0100] "GET /phpmyadmin/db_structure.php?server=1&db=gabinete&token=8f70c37175f3f5a6a80e570299328d2c&ajax_request=true&ajax_page_request=true&menuHashes=1c3d0a71-762aa009&_nocache=1521118812732351111 HTTP/1.1" 200 21647
::1 - - [15/Mar/2018:14:00:14 +0100] "GET /phpmyadmin/db_structure.php?server=1&db=gabinete&token=8f70c37175f3f5a6a80e570299328d2c&ajax_request=true&ajax_page_request=true&menuHashes=1c3d0a71-762aa009-3fe60d2f&_nocache=1521118814515800981 HTTP/1.1" 200 18473
::1 - - [15/Mar/2018:14:00:20 +0100] "GET /phpmyadmin/db_operations.php?db=gabinete&token=8f70c37175f3f5a6a80e570299328d2c&ajax_request=true&ajax_page_request=true&menuHashes=1c3d0a71-762aa009-3fe60d2f&_nocache=152111882021772816 HTTP/1.1" 200 42435
::1 - - [15/Mar/2018:14:00:20 +0100] "GET /phpmyadmin/js/get_scripts.js.php?scripts[]=db_operations.js HTTP/1.1" 200 1854
::1 - - [15/Mar/2018:14:00:22 +0100] "GET /phpmyadmin/themes/pmahomme/jquery/images/ui-bg_flat_75_ffffff_40x100.png HTTP/1.1" 200 178
::1 - - [15/Mar/2018:14:00:22 +0100] "GET /phpmyadmin/themes/pmahomme/jquery/images/ui-bg_highlight-soft_75_cccccc_1x100.png HTTP/1.1" 200 101
::1 - - [15/Mar/2018:14:00:22 +0100] "GET /phpmyadmin/themes/pmahomme/jquery/images/ui-bg_glass_75_e6e6e6_1x400.png HTTP/1.1" 200 110
::1 - - [15/Mar/2018:14:00:22 +0100] "GET /phpmyadmin/themes/pmahomme/jquery/images/ui-icons_222222_256x240.png HTTP/1.1" 200 4369
::1 - - [15/Mar/2018:14:00:22 +0100] "GET /phpmyadmin/themes/pmahomme/jquery/images/ui-bg_flat_0_aaaaaa_40x100.png HTTP/1.1" 200 180
::1 - - [15/Mar/2018:14:00:22 +0100] "GET /phpmyadmin/themes/pmahomme/jquery/images/ui-bg_glass_75_dadada_1x400.png HTTP/1.1" 200 159
::1 - - [15/Mar/2018:14:00:23 +0100] "GET /phpmyadmin/themes/pmahomme/jquery/images/ui-bg_glass_65_ffffff_1x400.png HTTP/1.1" 200 105
::1 - - [15/Mar/2018:14:00:23 +0100] "GET /phpmyadmin/sql.php?sql_query=DROP+DATABASE+%60gabinete%60&back=db_operations.php&goto=index.php&reload=1&purge=1&message_to_show=La+base+de+datos+%60gabinete%60+ha+sido+eliminada.&token=8f70c37175f3f5a6a80e570299328d2c&is_js_confirmed=1&ajax_request=true&_nocache=1521118823904422707 HTTP/1.1" 200 1716
::1 - - [15/Mar/2018:14:00:24 +0100] "POST /phpmyadmin/navigation.php?ajax_request=1&token=8f70c37175f3f5a6a80e570299328d2c HTTP/1.1" 200 1327
::1 - - [15/Mar/2018:14:00:24 +0100] "POST /phpmyadmin/navigation.php?ajax_request=1&token=8f70c37175f3f5a6a80e570299328d2c HTTP/1.1" 200 1327
::1 - - [15/Mar/2018:14:00:24 +0100] "GET /phpmyadmin/server_databases.php?token=8f70c37175f3f5a6a80e570299328d2c&server=1&db=&table=&ajax_request=true&ajax_page_request=true&menuHashes=1c3d0a71-762aa009-3fe60d2f-7634c5f6&_nocache=1521118824729518323 HTTP/1.1" 200 40803
::1 - - [15/Mar/2018:14:00:25 +0100] "GET /phpmyadmin/js/get_scripts.js.php?scripts[]=server_databases.js HTTP/1.1" 200 1818
::1 - - [15/Mar/2018:14:00:27 +0100] "GET /phpmyadmin/server_import.php?db=&token=8f70c37175f3f5a6a80e570299328d2c&ajax_request=true&ajax_page_request=true&menuHashes=1c3d0a71-762aa009-3fe60d2f-7634c5f6-ac9f131f&_nocache=1521118827378827889 HTTP/1.1" 200 12892
::1 - - [15/Mar/2018:14:00:34 +0100] "POST /phpmyadmin/import.php HTTP/1.1" 200 36254
::1 - - [15/Mar/2018:14:00:36 +0100] "GET /phpmyadmin/js/get_scripts.js.php?scripts[]=jquery/jquery-1.8.3.js&scripts[]=ajax.js&scripts[]=keyhandler.js&scripts[]=jquery/jquery-ui-1.9.2.custom.js&scripts[]=jquery/jquery.sprintf.js&scripts[]=jquery/jquery.cookie.js&scripts[]=jquery/jquery.mousewheel.js&scripts[]=jquery/jquery.event.drag-2.2.js&scripts[]=jquery/jquery-ui-timepicker-addon.js&scripts[]=jquery/jquery.ba-hashchange-1.3.js&scripts[]=jquery/jquery.debounce-1.0.5.js&scripts[]=jquery/jquery.menuResizer-1.0.js&scripts[]=rte.js&scripts[]=functions.js&scripts[]=navigation.js&scripts[]=indexes.js&scripts[]=common.js&scripts[]=import.js&scripts[]=codemirror/lib/codemirror.js&scripts[]=codemirror/mode/mysql/mysql.js HTTP/1.1" 200 580146
