2018-03-06 12:44:12 6116 [Note] Plugin 'FEDERATED' is disabled.
2018-03-06 12:44:12 6116 [Note] InnoDB: The InnoDB memory heap is disabled
2018-03-06 12:44:12 6116 [Note] InnoDB: Mutexes and rw_locks use Windows interlocked functions
2018-03-06 12:44:12 6116 [Note] InnoDB: Compressed tables use zlib 1.2.3
2018-03-06 12:44:12 6116 [Note] InnoDB: Not using CPU crc32 instructions
2018-03-06 12:44:12 6116 [Note] InnoDB: Initializing buffer pool, size = 128.0M
2018-03-06 12:44:12 6116 [Note] InnoDB: Completed initialization of buffer pool
2018-03-06 12:44:12 6116 [Note] InnoDB: Setting log file C:\Users\1GDAW08\Desktop\USBWebserver v8.6\mysql\data\ib_logfile101 size to 5 MB
2018-03-06 12:44:12 6116 [Note] InnoDB: Setting log file C:\Users\1GDAW08\Desktop\USBWebserver v8.6\mysql\data\ib_logfile1 size to 5 MB
2018-03-06 12:44:13 6116 [Note] InnoDB: Renaming log file C:\Users\1GDAW08\Desktop\USBWebserver v8.6\mysql\data\ib_logfile101 to C:\Users\1GDAW08\Desktop\USBWebserver v8.6\mysql\data\ib_logfile0
2018-03-06 12:44:13 6116 [Warning] InnoDB: New log files created, LSN=1626134
2018-03-06 12:44:13 6116 [Note] InnoDB: Highest supported file format is Barracuda.
2018-03-06 12:44:13 6116 [Note] InnoDB: 128 rollback segment(s) are active.
2018-03-06 12:44:13 6116 [Note] InnoDB: Waiting for purge to start
2018-03-06 12:44:13 6116 [Note] InnoDB: 5.6.13 started; log sequence number 1626636
2018-03-06 12:44:13 6116 [Warning] No existing UUID has been found, so we assume that this is the first time that this server has been started. Generating a new UUID: b1384121-2133-11e8-b607-b0487a82f808.
2018-03-06 12:44:13 6116 [Note] Server hostname (bind-address): '*'; port: 3307
2018-03-06 12:44:13 6116 [Note] IPv6 is available.
2018-03-06 12:44:13 6116 [Note]   - '::' resolves to '::';
2018-03-06 12:44:13 6116 [Note] Server socket created on IP: '::'.
2018-03-13 14:01:55 8032 [Note] Plugin 'FEDERATED' is disabled.
2018-03-13 14:01:55 8032 [Note] InnoDB: The InnoDB memory heap is disabled
2018-03-13 14:01:55 8032 [Note] InnoDB: Mutexes and rw_locks use Windows interlocked functions
2018-03-13 14:01:55 8032 [Note] InnoDB: Compressed tables use zlib 1.2.3
2018-03-13 14:01:56 8032 [Note] InnoDB: Not using CPU crc32 instructions
2018-03-13 14:01:56 8032 [Note] InnoDB: Initializing buffer pool, size = 128.0M
2018-03-13 14:01:56 8032 [Note] InnoDB: Completed initialization of buffer pool
2018-03-13 14:01:56 8032 [Note] InnoDB: Highest supported file format is Barracuda.
2018-03-13 14:01:56 8032 [Note] InnoDB: The log sequence numbers 1626134 and 1626134 in ibdata files do not match the log sequence number 1759162 in the ib_logfiles!
2018-03-13 14:01:56 8032 [Note] InnoDB: Database was not shutdown normally!
2018-03-13 14:01:56 8032 [Note] InnoDB: Starting crash recovery.
2018-03-13 14:01:56 8032 [Note] InnoDB: Reading tablespace information from the .ibd files...
2018-03-13 14:01:57 8032 [Note] InnoDB: Restoring possible half-written data pages 
2018-03-13 14:01:57 8032 [Note] InnoDB: from the doublewrite buffer...
2018-03-13 14:01:59 8032 [Note] InnoDB: 128 rollback segment(s) are active.
2018-03-13 14:01:59 8032 [Note] InnoDB: Waiting for purge to start
2018-03-13 14:01:59 8032 [Note] InnoDB: 5.6.13 started; log sequence number 1759162
2018-03-13 14:01:59 8032 [Note] Server hostname (bind-address): '*'; port: 3307
2018-03-13 14:01:59 8032 [Note] IPv6 is available.
2018-03-13 14:01:59 8032 [Note]   - '::' resolves to '::';
2018-03-13 14:01:59 8032 [Note] Server socket created on IP: '::'.
2018-03-15 13:00:16 2604 [Note] Plugin 'FEDERATED' is disabled.
2018-03-15 13:00:16 2604 [Note] InnoDB: The InnoDB memory heap is disabled
2018-03-15 13:00:16 2604 [Note] InnoDB: Mutexes and rw_locks use Windows interlocked functions
2018-03-15 13:00:16 2604 [Note] InnoDB: Compressed tables use zlib 1.2.3
2018-03-15 13:00:16 2604 [Note] InnoDB: Not using CPU crc32 instructions
2018-03-15 13:00:16 2604 [Note] InnoDB: Initializing buffer pool, size = 128.0M
2018-03-15 13:00:16 2604 [Note] InnoDB: Completed initialization of buffer pool
2018-03-15 13:00:16 2604 [Note] InnoDB: Highest supported file format is Barracuda.
2018-03-15 13:00:16 2604 [Note] InnoDB: The log sequence numbers 1626134 and 1626134 in ibdata files do not match the log sequence number 1908060 in the ib_logfiles!
2018-03-15 13:00:16 2604 [Note] InnoDB: Database was not shutdown normally!
2018-03-15 13:00:16 2604 [Note] InnoDB: Starting crash recovery.
2018-03-15 13:00:16 2604 [Note] InnoDB: Reading tablespace information from the .ibd files...
2018-03-15 13:00:16 2604 [Note] InnoDB: Restoring possible half-written data pages 
2018-03-15 13:00:16 2604 [Note] InnoDB: from the doublewrite buffer...
2018-03-15 13:00:18 2604 [Note] InnoDB: 128 rollback segment(s) are active.
2018-03-15 13:00:18 2604 [Note] InnoDB: Waiting for purge to start
2018-03-15 13:00:18 2604 [Note] InnoDB: 5.6.13 started; log sequence number 1908060
2018-03-15 13:00:18 2604 [Note] Server hostname (bind-address): '*'; port: 3307
2018-03-15 13:00:18 2604 [Note] IPv6 is available.
2018-03-15 13:00:18 2604 [Note]   - '::' resolves to '::';
2018-03-15 13:00:18 2604 [Note] Server socket created on IP: '::'.
